<?xml version="1.0" encoding="UTF-8"?>
<coverage generated="1733335684047" clover="3.2.0">
  <project timestamp="1733335684047" name="All files">
    <metrics statements="4" coveredstatements="4" conditionals="0" coveredconditionals="0" methods="4" coveredmethods="2" elements="8" coveredelements="6" complexity="0" loc="4" ncloc="4" packages="1" files="3" classes="3"/>
    <file name="BubbleSort.ts" path="/Users/adnanbakaev/code/algo/kata-machine/src/day1/BubbleSort.ts">
      <metrics statements="1" coveredstatements="1" conditionals="0" coveredconditionals="0" methods="1" coveredmethods="0"/>
      <line num="1" count="1" type="stmt"/>
    </file>
    <file name="LinearSearchList.ts" path="/Users/adnanbakaev/code/algo/kata-machine/src/day1/LinearSearchList.ts">
      <metrics statements="2" coveredstatements="2" conditionals="0" coveredconditionals="0" methods="2" coveredmethods="2"/>
      <line num="1" count="1" type="stmt"/>
      <line num="12" count="49" type="stmt"/>
    </file>
    <file name="QuickSort.ts" path="/Users/adnanbakaev/code/algo/kata-machine/src/day1/QuickSort.ts">
      <metrics statements="1" coveredstatements="1" conditionals="0" coveredconditionals="0" methods="1" coveredmethods="0"/>
      <line num="1" count="1" type="stmt"/>
    </file>
  </project>
</coverage>
