{"/Users/adnanbakaev/code/algo/kata-machine/src/day1/BubbleSort.ts": {"path":"/Users/adnanbakaev/code/algo/kata-machine/src/day1/BubbleSort.ts","statementMap":{"0":{"start":{"line":1,"column":0},"end":{"line":1,"column":24}}},"fnMap":{"0":{"name":"bubble_sort","decl":{"start":{"line":1,"column":24},"end":{"line":1,"column":35}},"loc":{"start":{"line":1,"column":49},"end":{"line":3,"column":1}}}},"branchMap":{},"s":{"0":1},"f":{"0":0},"b":{}}
,"/Users/adnanbakaev/code/algo/kata-machine/src/day1/LinearSearchList.ts": {"path":"/Users/adnanbakaev/code/algo/kata-machine/src/day1/LinearSearchList.ts","statementMap":{"0":{"start":{"line":12,"column":4},"end":{"line":12,"column":52}},"1":{"start":{"line":12,"column":35},"end":{"line":12,"column":50}},"2":{"start":{"line":1,"column":0},"end":{"line":1,"column":24}}},"fnMap":{"0":{"name":"linear_search","decl":{"start":{"line":1,"column":24},"end":{"line":1,"column":37}},"loc":{"start":{"line":3,"column":18},"end":{"line":19,"column":1}}},"1":{"name":"(anonymous_1)","decl":{"start":{"line":12,"column":25},"end":{"line":12,"column":26}},"loc":{"start":{"line":12,"column":35},"end":{"line":12,"column":50}}}},"branchMap":{},"s":{"0":6,"1":49,"2":1},"f":{"0":6,"1":49},"b":{}}
,"/Users/adnanbakaev/code/algo/kata-machine/src/day1/QuickSort.ts": {"path":"/Users/adnanbakaev/code/algo/kata-machine/src/day1/QuickSort.ts","statementMap":{"0":{"start":{"line":1,"column":0},"end":{"line":1,"column":24}}},"fnMap":{"0":{"name":"quick_sort","decl":{"start":{"line":1,"column":24},"end":{"line":1,"column":34}},"loc":{"start":{"line":1,"column":48},"end":{"line":3,"column":1}}}},"branchMap":{},"s":{"0":1},"f":{"0":0},"b":{}}
}
